#
# There is insufficient memory for the Java Runtime Environment to continue.
# Native memory allocation (mmap) failed to map 262144000 bytes for G1 virtual space
# Possible reasons:
#   The system is out of physical RAM or swap space
#   The process is running with CompressedOops enabled, and the Java Heap may be blocking the growth of the native heap
# Possible solutions:
#   Reduce memory load on the system
#   Increase physical memory or swap space
#   Check if swap backing store is full
#   Decrease Java heap size (-Xmx/-Xms)
#   Decrease number of Java threads
#   Decrease Java thread stack sizes (-Xss)
#   Set larger code cache with -XX:ReservedCodeCacheSize=
#   JVM is running with Zero Based Compressed Oops mode in which the Java heap is
#     placed in the first 32GB address space. The Java Heap base address is the
#     maximum limit for the native heap growth. Please use -XX:HeapBaseMinAddress
#     to set the Java Heap base and to place the Java Heap above 32GB virtual address.
# This output file may be truncated or incomplete.
#
#  Out of Memory Error (os_windows.cpp:3466), pid=30068, tid=19364
#
# JRE version:  (16.0.1+9) (build )
# Java VM: Java HotSpot(TM) 64-Bit Server VM (16.0.1+9-24, mixed mode, sharing, tiered, compressed oops, compressed class ptrs, g1 gc, windows-amd64)
# No core dump will be written. Minidumps are not enabled by default on client versions of Windows
#

---------------  S U M M A R Y ------------

Command Line: -XX:+ShowCodeDetailsInExceptionMessages Classes.ApproverScreen

Host: Intel(R) Core(TM) i7-1065G7 CPU @ 1.30GHz, 8 cores, 15G,  Windows 10 , 64 bit Build 22621 (10.0.22621.2428)
Time: Fri Nov  3 17:54:32 2023 Eastern Daylight Time elapsed time: 0.024004 seconds (0d 0h 0m 0s)

---------------  T H R E A D  ---------------

Current thread (0x0000022539b59080):  JavaThread "Unknown thread" [_thread_in_vm, id=19364, stack(0x00000094f8400000,0x00000094f8500000)]

Stack: [0x00000094f8400000,0x00000094f8500000]
Native frames: (J=compiled Java code, j=interpreted, Vv=VM code, C=native code)
V  [jvm.dll+0x6687ca]
V  [jvm.dll+0x7ca3c9]
V  [jvm.dll+0x7cbb53]
V  [jvm.dll+0x7cc1b3]
V  [jvm.dll+0x242ea5]
V  [jvm.dll+0x665589]
V  [jvm.dll+0x65a175]
V  [jvm.dll+0x2fc5ab]
V  [jvm.dll+0x3037a6]
V  [jvm.dll+0x352fee]
V  [jvm.dll+0x35321f]
V  [jvm.dll+0x2d3618]
V  [jvm.dll+0x2d4854]
V  [jvm.dll+0x79ccb1]
V  [jvm.dll+0x360de1]
V  [jvm.dll+0x77a990]
V  [jvm.dll+0x3e55af]
V  [jvm.dll+0x3e7081]
C  [jli.dll+0x52fb]
C  [ucrtbase.dll+0x29363]
C  [KERNEL32.DLL+0x1257d]
C  [ntdll.dll+0x5aa78]


---------------  P R O C E S S  ---------------

Threads class SMR info:
_java_thread_list=0x00007ffe9381cbb8, length=0, elements={
}

Java Threads: ( => current thread )

Other Threads:
  0x0000022539ba9910 GCTaskThread "GC Thread#0" [stack: 0x00000094f8500000,0x00000094f8600000] [id=23740]
  0x0000022539bbb3f0 ConcurrentGCThread "G1 Main Marker" [stack: 0x00000094f8600000,0x00000094f8700000] [id=192]
  0x0000022539bbc680 ConcurrentGCThread "G1 Conc#0" [stack: 0x00000094f8700000,0x00000094f8800000] [id=26836]

[error occurred during error reporting (printing all threads), id 0xc0000005, EXCEPTION_ACCESS_VIOLATION (0xc0000005) at pc=0x00007ffe92ff44d7]

VM state: not at safepoint (not fully initialized)

VM Mutex/Monitor currently owned by a thread:  ([mutex/lock_event])
[0x0000022539b54670] Heap_lock - owner thread: 0x0000022539b59080

Heap address: 0x0000000706600000, size: 3994 MB, Compressed Oops mode: Zero based, Oop shift amount: 3

CDS archive(s) mapped at: [0x0000000000000000-0x0000000000000000-0x0000000000000000), size 0, SharedBaseAddress: 0x0000000800000000, ArchiveRelocationMode: 0.
Narrow klass base: 0x0000000000000000, Narrow klass shift: 0, Narrow klass range: 0x0

GC Precious Log:
<Empty>

Heap:
 garbage-first heap   total 0K, used 0K [0x0000000706600000, 0x0000000800000000)
  region size 2048K, 0 young (0K), 0 survivors (0K)

[error occurred during error reporting (printing heap information), id 0xc0000005, EXCEPTION_ACCESS_VIOLATION (0xc0000005) at pc=0x00007ffe933d24ed]

GC Heap History (0 events):
No events

Deoptimization events (0 events):
No events

Classes unloaded (0 events):
No events

Classes redefined (0 events):
No events

Internal exceptions (0 events):
No events

Events (1 events):
Event: 0.013 Loaded shared library C:\Program Files\Java\jdk-16.0.1\bin\java.dll


Dynamic libraries:
0x00007ff7a8060000 - 0x00007ff7a8070000 	C:\Program Files\Java\jdk-16.0.1\bin\java.exe
0x00007fff31b10000 - 0x00007fff31d27000 	C:\WINDOWS\SYSTEM32\ntdll.dll
0x00007fff30b30000 - 0x00007fff30bf4000 	C:\WINDOWS\System32\KERNEL32.DLL
0x00007fff2f180000 - 0x00007fff2f526000 	C:\WINDOWS\System32\KERNELBASE.dll
0x00007fff2f6d0000 - 0x00007fff2f7e1000 	C:\WINDOWS\System32\ucrtbase.dll
0x00007fff1fdc0000 - 0x00007fff1fdd8000 	C:\Program Files\Java\jdk-16.0.1\bin\jli.dll
0x00007fff1fef0000 - 0x00007fff1ff09000 	C:\Program Files\Java\jdk-16.0.1\bin\VCRUNTIME140.dll
0x00007fff2fe60000 - 0x00007fff2ff10000 	C:\WINDOWS\System32\ADVAPI32.dll
0x00007fff2ff10000 - 0x00007fff2ffb7000 	C:\WINDOWS\System32\msvcrt.dll
0x00007fff30a60000 - 0x00007fff30b06000 	C:\WINDOWS\System32\sechost.dll
0x00007fff2fa50000 - 0x00007fff2fb67000 	C:\WINDOWS\System32\RPCRT4.dll
0x00007fff2fbf0000 - 0x00007fff2fd9d000 	C:\WINDOWS\System32\USER32.dll
0x00007fff2f530000 - 0x00007fff2f556000 	C:\WINDOWS\System32\win32u.dll
0x00007fff30d30000 - 0x00007fff30d59000 	C:\WINDOWS\System32\GDI32.dll
0x00007fff2ee90000 - 0x00007fff2efa8000 	C:\WINDOWS\System32\gdi32full.dll
0x00007fff2efb0000 - 0x00007fff2f04a000 	C:\WINDOWS\System32\msvcp_win.dll
0x00007fff1f290000 - 0x00007fff1f523000 	C:\WINDOWS\WinSxS\amd64_microsoft.windows.common-controls_6595b64144ccf1df_6.0.22621.2361_none_2712ced57382f843\COMCTL32.dll
0x00007fff1f280000 - 0x00007fff1f28a000 	C:\WINDOWS\SYSTEM32\VERSION.dll
0x00007fff2fe20000 - 0x00007fff2fe51000 	C:\WINDOWS\System32\IMM32.DLL
0x00007fff1fdb0000 - 0x00007fff1fdbc000 	C:\Program Files\Java\jdk-16.0.1\bin\vcruntime140_1.dll
0x00007fff143f0000 - 0x00007fff14481000 	C:\Program Files\Java\jdk-16.0.1\bin\msvcp140.dll
0x00007ffe92d10000 - 0x00007ffe938bb000 	C:\Program Files\Java\jdk-16.0.1\bin\server\jvm.dll
0x00007fff31570000 - 0x00007fff31578000 	C:\WINDOWS\System32\PSAPI.DLL
0x00007fff1ff70000 - 0x00007fff1ff79000 	C:\WINDOWS\SYSTEM32\WSOCK32.dll
0x00007fff2fda0000 - 0x00007fff2fe11000 	C:\WINDOWS\System32\WS2_32.dll
0x00007fff25fe0000 - 0x00007fff26014000 	C:\WINDOWS\SYSTEM32\WINMM.dll
0x00007fff2ded0000 - 0x00007fff2dee8000 	C:\WINDOWS\SYSTEM32\kernel.appcore.dll
0x00007fff1fda0000 - 0x00007fff1fdaa000 	C:\Program Files\Java\jdk-16.0.1\bin\jimage.dll
0x00007fff1e920000 - 0x00007fff1eb4e000 	C:\WINDOWS\SYSTEM32\DBGHELP.DLL
0x00007fff30d60000 - 0x00007fff310ea000 	C:\WINDOWS\System32\combase.dll
0x00007fff30c50000 - 0x00007fff30d27000 	C:\WINDOWS\System32\OLEAUT32.dll
0x00007fff1ec00000 - 0x00007fff1ec32000 	C:\WINDOWS\SYSTEM32\dbgcore.DLL
0x00007fff2f7f0000 - 0x00007fff2f86a000 	C:\WINDOWS\System32\bcryptPrimitives.dll
0x00007fff1fc70000 - 0x00007fff1fc95000 	C:\Program Files\Java\jdk-16.0.1\bin\java.dll

dbghelp: loaded successfully - version: 4.0.5 - missing functions: none
symbol engine: initialized successfully - sym options: 0x614 - pdb path: .;C:\Program Files\Java\jdk-16.0.1\bin;C:\WINDOWS\SYSTEM32;C:\WINDOWS\WinSxS\amd64_microsoft.windows.common-controls_6595b64144ccf1df_6.0.22621.2361_none_2712ced57382f843;C:\Program Files\Java\jdk-16.0.1\bin\server

VM Arguments:
jvm_args: -XX:+ShowCodeDetailsInExceptionMessages 
java_command: Classes.ApproverScreen
java_class_path (initial): C:\Users\hanna\AppData\Roaming\Code\User\workspaceStorage\a461f86a8f617242c12d9dc48144f71c\redhat.java\jdt_ws\Project_44335591\bin;c:\Users\hanna\Documents\GMU Documents\CS 321\openjfx-21.0.1_windows-x64_bin-sdk\javafx-sdk-21.0.1\lib\javafx.controls.jar;c:\Users\hanna\Documents\GMU Documents\CS 321\openjfx-21.0.1_windows-x64_bin-sdk\javafx-sdk-21.0.1\lib\javafx.base.jar;c:\Users\hanna\Documents\GMU Documents\CS 321\openjfx-21.0.1_windows-x64_bin-sdk\javafx-sdk-21.0.1\lib\javafx.graphics.jar;c:\Users\hanna\Documents\GMU Documents\CS 321\openjfx-21.0.1_windows-x64_bin-sdk\javafx-sdk-21.0.1\lib\javafx.fxml.jar;c:\Users\hanna\Documents\GMU Documents\CS 321\openjfx-21.0.1_windows-x64_bin-sdk\javafx-sdk-21.0.1\lib\javafx.web.jar;c:\Users\hanna\Documents\GMU Documents\CS 321\Project\lib\junit-4.13.2.jar;c:\Users\hanna\Documents\GMU Documents\CS 321\openjfx-21.0.1_windows-x64_bin-sdk\javafx-sdk-21.0.1\lib\javafx.media.jar;c:\Users\hanna\Documents\GMU Documents\CS 321\Project\lib\junit-platform-console-standalone-1.10.0.jar;c:\Users\hanna\Documents\GMU Documents\CS 321\Project\lib\hamcrest-core-1.3.jar;c:\Users\hanna\Documents\GMU Documents\CS 321\openjfx-21.0.1_windows-x64_bin-sdk\javafx-sdk-21.0.1\lib\javafx-swt.jar;c:\Users\hanna\Documents\GMU Documents\CS 321\openjfx-21.0.1_windows-x64_bin-sdk\javafx-sdk-21.0.1\lib\javafx.swing.jar
Launcher Type: SUN_STANDARD

[Global flags]
     intx CICompilerCount                          = 4                                         {product} {ergonomic}
     uint ConcGCThreads                            = 2                                         {product} {ergonomic}
     uint G1ConcRefinementThreads                  = 8                                         {product} {ergonomic}
   size_t G1HeapRegionSize                         = 2097152                                   {product} {ergonomic}
    uintx GCDrainStackTargetSize                   = 64                                        {product} {ergonomic}
   size_t InitialHeapSize                          = 262144000                                 {product} {ergonomic}
   size_t MarkStackSize                            = 4194304                                   {product} {ergonomic}
   size_t MaxHeapSize                              = 4188012544                                {product} {ergonomic}
   size_t MinHeapDeltaBytes                        = 2097152                                   {product} {ergonomic}
   size_t MinHeapSize                              = 8388608                                   {product} {ergonomic}
    uintx NonNMethodCodeHeapSize                   = 5839372                                {pd product} {ergonomic}
    uintx NonProfiledCodeHeapSize                  = 122909434                              {pd product} {ergonomic}
    uintx ProfiledCodeHeapSize                     = 122909434                              {pd product} {ergonomic}
    uintx ReservedCodeCacheSize                    = 251658240                              {pd product} {ergonomic}
     bool SegmentedCodeCache                       = true                                      {product} {ergonomic}
     bool ShowCodeDetailsInExceptionMessages       = true                                   {manageable} {command line}
   size_t SoftMaxHeapSize                          = 4188012544                             {manageable} {ergonomic}
     bool UseCompressedClassPointers               = true                           {product lp64_product} {ergonomic}
     bool UseCompressedOops                        = true                           {product lp64_product} {ergonomic}
     bool UseG1GC                                  = true                                      {product} {ergonomic}
     bool UseLargePagesIndividualAllocation        = false                                  {pd product} {ergonomic}

Logging:
Log output configuration:
 #0: stdout all=warning uptime,level,tags
 #1: stderr all=off uptime,level,tags

Environment Variables:
JAVA_HOME=C:\Program Files\Java\jdk-16.0.1
PATH=C:\Program Files\Eclipse Adoptium\jdk-17.0.8.101-hotspot\bin;C:\Program Files\Common Files\Oracle\Java\javapath;C:\WINDOWS\System32;C:\WINDOWS;C:\WINDOWS\System32\wbem;C:\WINDOWS\System32\WindowsPowerShell\v1.0\;C:\WINDOWS\System32\OpenSSH\;C:\Users\hanna\GnuPG\bin;C:\Program Files\Git\cmd;C:\Program Files\dotnet\;C:\WINDOWS\system32;C:\WINDOWS;C:\WINDOWS\System32\Wbem;C:\WINDOWS\System32\WindowsPowerShell\v1.0\;C:\WINDOWS\System32\OpenSSH\;C:\Program Files\apache-maven-3.9.5\bin;C:\Program Files\Java\jdk-16.0.1\bin;C:\Users\hanna\AppData\Local\Microsoft\WindowsApps;C:\Users\hanna\AppData\Local\Programs\Microsoft VS Code\bin;C:\Users\hanna\.dotnet\tools;C:\Users\hanna\AppData\Local\GitHubDesktop\bin
USERNAME=hanna
LANG=en_US.UTF-8
OS=Windows_NT
PROCESSOR_IDENTIFIER=Intel64 Family 6 Model 126 Stepping 5, GenuineIntel



---------------  S Y S T E M  ---------------

OS:
 Windows 10 , 64 bit Build 22621 (10.0.22621.2428)
OS uptime: 4 days 7:10 hours

CPU: total 8 (initial active 8) (4 cores per cpu, 2 threads per core) family 6 model 126 stepping 5 microcode 0xb0, cx8, cmov, fxsr, ht, mmx, 3dnowpref, sse, sse2, sse3, ssse3, sse4.1, sse4.2, popcnt, lzcnt, tsc, tscinvbit, avx, avx2, aes, erms, clmul, bmi1, bmi2, adx, avx512f, avx512dq, avx512cd, avx512bw, avx512vl, sha, fma, vzeroupper, avx512_vpopcntdq, avx512_vpclmulqdq, avx512_vaes, avx512_vnni, clflush, clflushopt, avx512_vmbi2, avx512_vmbi

Memory: 4k page, system-wide physical 15970M (4250M free)
TotalPageFile size 18632M (AvailPageFile size 70M)
current process WorkingSet (physical memory assigned to process): 11M, peak: 11M
current process commit charge ("private bytes"): 60M, peak: 310M

vm_info: Java HotSpot(TM) 64-Bit Server VM (16.0.1+9-24) for windows-amd64 JRE (16.0.1+9-24), built on Mar 26 2021 19:31:42 by "mach5one" with MS VC++ 16.7 (VS2019)

END.
